<!DOCTYPE html PUBLIC "-//W3C//DTD XHTML 1.1//EN" "http://www.w3.org/TR/xhtml11/DTD/xhtml11.dtd">
<html xmlns="http://www.w3.org/1999/xhtml"><head><title>TestNG Report</title><style type="text/css">table {margin-bottom:10px;border-collapse:collapse;empty-cells:show}th,td {border:1px solid #009;padding:.25em .5em}th {vertical-align:bottom}td {vertical-align:top}table a {font-weight:bold}.stripe td {background-color: #E6EBF9}.num {text-align:right}.passedodd td {background-color: #3F3}.passedeven td {background-color: #0A0}.skippedodd td {background-color: #DDD}.skippedeven td {background-color: #CCC}.failedodd td,.attn {background-color: #F33}.failedeven td,.stripe .attn {background-color: #D00}.stacktrace {white-space:pre;font-family:monospace}.totop {font-size:85%;text-align:center;border-bottom:2px solid #000}</style></head><body><table><tr><th>Test</th><th># Passed</th><th># Skipped</th><th># Failed</th><th>Time (ms)</th><th>Included Groups</th><th>Excluded Groups</th></tr><tr><th colspan="7">Default suite</th></tr><tr><td><a href="#t0">Default test</a></td><td class="num">0</td><td class="num attn">8</td><td class="num">0</td><td class="num">45,601</td><td></td><td></td></tr></table><table><thead><tr><th>Class</th><th>Method</th><th>Start</th><th>Time (ms)</th></tr></thead><tbody><tr><th colspan="4">Default suite</th></tr></tbody><tbody id="t0"><tr><th colspan="4">Default test &#8212; failed (configuration methods)</th></tr><tr class="failedeven"><td rowspan="1">com.tatoc.javascript.NewTest</td><td><a href="#m0">loadDrivers</a></td><td rowspan="1">1466673212874</td><td rowspan="1">0</td></tr><tr><th colspan="4">Default test &#8212; skipped</th></tr><tr class="skippedeven"><td rowspan="8">com.tatoc.javascript.NewTest</td><td><a href="#m1">changeBoxcolor</a></td><td rowspan="1">1466673258459</td><td rowspan="1">0</td></tr><tr class="skippedeven"><td><a href="#m2">clickBasicCourse</a></td><td rowspan="1">1466673258456</td><td rowspan="1">0</td></tr><tr class="skippedeven"><td><a href="#m3">clickGreenbox</a></td><td rowspan="1">1466673258458</td><td rowspan="1">0</td></tr><tr class="skippedeven"><td><a href="#m4">click_Tatoc_Link</a></td><td rowspan="1">1466673258453</td><td rowspan="1">1</td></tr><tr class="skippedeven"><td><a href="#m5">cookieGeneration</a></td><td rowspan="1">1466673258465</td><td rowspan="1">0</td></tr><tr class="skippedeven"><td><a href="#m6">dragandDrop</a></td><td rowspan="1">1466673258461</td><td rowspan="1">0</td></tr><tr class="skippedeven"><td><a href="#m7">launchPopupwindow</a></td><td rowspan="1">1466673258462</td><td rowspan="1">1</td></tr><tr class="skippedeven"><td><a href="#m8">testHomePageTitle</a></td><td rowspan="1">1466673258450</td><td rowspan="1">1</td></tr></tbody></table><h2>Default test</h2><h3 id="m0">com.tatoc.javascript.NewTest#loadDrivers</h3><table class="result"><tr><th>Exception</th></tr><tr><td><div class="stacktrace">org.openqa.selenium.WebDriverException: Failed to connect to binary FirefoxBinary(/usr/bin/firefox) on port 7055; process output follows: 
ible&quot;:false,&quot;signedState&quot;:0,&quot;seen&quot;:true}
1466673213779	DeferredSave.extensions.json	DEBUG	Save changes
1466673213779	addons.xpi	DEBUG	Updating database with changes to installed add-ons
1466673213779	addons.xpi-utils	DEBUG	Updating add-on states
1466673213780	addons.xpi-utils	DEBUG	Writing add-ons list
1466673213780	addons.xpi	DEBUG	Registering manifest for /usr/lib/firefox/browser/features/firefox@getpocket.com.xpi
1466673213781	addons.xpi	DEBUG	Calling bootstrap method startup on firefox@getpocket.com version 1.0.3b1
1466673213781	addons.xpi	DEBUG	Registering manifest for /usr/lib/firefox/browser/features/loop@mozilla.org.xpi
1466673213782	addons.xpi	DEBUG	Calling bootstrap method startup on loop@mozilla.org version 1.4.0
1466673213795	addons.xpi	DEBUG	Registering manifest for /usr/lib/firefox/browser/features/e10srollout@mozilla.org.xpi
1466673213796	addons.xpi	DEBUG	Calling bootstrap method startup on e10srollout@mozilla.org version 1.0
1466673213797	addons.manager	DEBUG	Registering shutdown blocker for XPIProvider
1466673213798	addons.manager	DEBUG	Provider finished startup: XPIProvider
1466673213798	addons.manager	DEBUG	Starting provider: LightweightThemeManager
1466673213798	addons.manager	DEBUG	Registering shutdown blocker for LightweightThemeManager
1466673213798	addons.manager	DEBUG	Provider finished startup: LightweightThemeManager
1466673213798	addons.manager	DEBUG	Starting provider: GMPProvider
1466673213803	addons.manager	DEBUG	Registering shutdown blocker for GMPProvider
1466673213803	addons.manager	DEBUG	Provider finished startup: GMPProvider
1466673213803	addons.manager	DEBUG	Starting provider: PluginProvider
1466673213803	addons.manager	DEBUG	Registering shutdown blocker for PluginProvider
1466673213804	addons.manager	DEBUG	Provider finished startup: PluginProvider
1466673213804	addons.manager	DEBUG	Completed startup sequence
1466673215861	addons.manager	DEBUG	Starting provider: &lt;unnamed-provider&gt;
1466673215861	addons.manager	DEBUG	Registering shutdown blocker for &lt;unnamed-provider&gt;
1466673215862	addons.manager	DEBUG	Provider finished startup: &lt;unnamed-provider&gt;
1466673215964	DeferredSave.extensions.json	DEBUG	Write succeeded
1466673215964	addons.xpi-utils	DEBUG	XPI Database saved, setting schema version preference to 17
1466673215964	DeferredSave.extensions.json	DEBUG	Starting timer
1466673215973	addons.repository	DEBUG	No addons.json found.
1466673215973	DeferredSave.addons.json	DEBUG	Save changes
1466673215975	DeferredSave.addons.json	DEBUG	Starting timer
1466673215996	addons.manager	DEBUG	Starting provider: PreviousExperimentProvider
1466673215996	addons.manager	DEBUG	Registering shutdown blocker for PreviousExperimentProvider
1466673215997	addons.manager	DEBUG	Provider finished startup: PreviousExperimentProvider
1466673216004	DeferredSave.extensions.json	DEBUG	Starting write
1466673216018	DeferredSave.extensions.json	DEBUG	Write succeeded
1466673216029	DeferredSave.addons.json	DEBUG	Starting write
1466673216040	DeferredSave.addons.json	DEBUG	Write succeeded
1466673242716	addons.xpi	DEBUG	Calling bootstrap method shutdown on firefox@getpocket.com version 1.0.3b1
1466673242716	addons.xpi	DEBUG	Calling bootstrap method shutdown on loop@mozilla.org version 1.4.0
1466673242718	addons.xpi	DEBUG	Calling bootstrap method shutdown on e10srollout@mozilla.org version 1.0
1466673242945	addons.manager	DEBUG	shutdown
1466673242946	addons.manager	DEBUG	Calling shutdown blocker for XPIProvider
1466673242946	addons.xpi	DEBUG	shutdown
1466673242946	addons.xpi-utils	DEBUG	shutdown
1466673242948	addons.manager	DEBUG	Calling shutdown blocker for LightweightThemeManager
1466673242949	addons.manager	DEBUG	Calling shutdown blocker for GMPProvider
1466673242955	addons.manager	DEBUG	Calling shutdown blocker for PluginProvider
1466673242956	addons.manager	DEBUG	Calling shutdown blocker for &lt;unnamed-provider&gt;
1466673242959	addons.manager	DEBUG	Calling shutdown blocker for PreviousExperimentProvider
1466673242963	addons.xpi	DEBUG	Notifying XPI shutdown observers
1466673242968	addons.manager	DEBUG	Async provider shutdown done

Build info: version: &apos;2.53.0&apos;, revision: &apos;35ae25b&apos;, time: &apos;2016-03-15 17:00:58&apos;
System info: host: &apos;asd1569po02037&apos;, ip: &apos;127.0.1.1&apos;, os.name: &apos;Linux&apos;, os.arch: &apos;amd64&apos;, os.version: &apos;3.13.0-24-generic&apos;, java.version: &apos;1.8.0_91&apos;
Driver info: driver.version: FirefoxDriver
	at org.openqa.selenium.firefox.internal.NewProfileExtensionConnection.start(NewProfileExtensionConnection.java:124)
	at org.openqa.selenium.firefox.FirefoxDriver.startClient(FirefoxDriver.java:271)
	at org.openqa.selenium.remote.RemoteWebDriver.&lt;init&gt;(RemoteWebDriver.java:119)
	at org.openqa.selenium.firefox.FirefoxDriver.&lt;init&gt;(FirefoxDriver.java:218)
	at org.openqa.selenium.firefox.FirefoxDriver.&lt;init&gt;(FirefoxDriver.java:211)
	at org.openqa.selenium.firefox.FirefoxDriver.&lt;init&gt;(FirefoxDriver.java:207)
	at org.openqa.selenium.firefox.FirefoxDriver.&lt;init&gt;(FirefoxDriver.java:120)
	at com.tatoc.javascript.NewTest.loadDrivers(NewTest.java:21)
	at sun.reflect.NativeMethodAccessorImpl.invoke0(Native Method)
	at sun.reflect.NativeMethodAccessorImpl.invoke(NativeMethodAccessorImpl.java:62)
	at sun.reflect.DelegatingMethodAccessorImpl.invoke(DelegatingMethodAccessorImpl.java:43)
	at java.lang.reflect.Method.invoke(Method.java:498)
	at org.testng.internal.MethodInvocationHelper.invokeMethod(MethodInvocationHelper.java:85)
	at org.testng.internal.Invoker.invokeConfigurationMethod(Invoker.java:510)
	at org.testng.internal.Invoker.invokeConfigurations(Invoker.java:211)
	at org.testng.internal.Invoker.invokeConfigurations(Invoker.java:138)
	at org.testng.internal.TestMethodWorker.invokeBeforeClassMethods(TestMethodWorker.java:170)
	at org.testng.internal.TestMethodWorker.run(TestMethodWorker.java:104)
	at org.testng.TestRunner.privateRun(TestRunner.java:774)
	at org.testng.TestRunner.run(TestRunner.java:624)
	at org.testng.SuiteRunner.runTest(SuiteRunner.java:359)
	at org.testng.SuiteRunner.runSequentially(SuiteRunner.java:354)
	at org.testng.SuiteRunner.privateRun(SuiteRunner.java:312)
	at org.testng.SuiteRunner.run(SuiteRunner.java:261)
	at org.testng.SuiteRunnerWorker.runSuite(SuiteRunnerWorker.java:52)
	at org.testng.SuiteRunnerWorker.run(SuiteRunnerWorker.java:86)
	at org.testng.TestNG.runSuitesSequentially(TestNG.java:1215)
	at org.testng.TestNG.runSuitesLocally(TestNG.java:1140)
	at org.testng.TestNG.run(TestNG.java:1048)
	at org.testng.remote.AbstractRemoteTestNG.run(AbstractRemoteTestNG.java:126)
	at org.testng.remote.RemoteTestNG.initAndRun(RemoteTestNG.java:137)
	at org.testng.remote.RemoteTestNG.main(RemoteTestNG.java:58)
Caused by: org.openqa.selenium.firefox.NotConnectedException: Unable to connect to host 127.0.0.1 on port 7055 after 45000 ms. Firefox console output:
ible&quot;:false,&quot;signedState&quot;:0,&quot;seen&quot;:true}
1466673213779	DeferredSave.extensions.json	DEBUG	Save changes
1466673213779	addons.xpi	DEBUG	Updating database with changes to installed add-ons
1466673213779	addons.xpi-utils	DEBUG	Updating add-on states
1466673213780	addons.xpi-utils	DEBUG	Writing add-ons list
1466673213780	addons.xpi	DEBUG	Registering manifest for /usr/lib/firefox/browser/features/firefox@getpocket.com.xpi
1466673213781	addons.xpi	DEBUG	Calling bootstrap method startup on firefox@getpocket.com version 1.0.3b1
1466673213781	addons.xpi	DEBUG	Registering manifest for /usr/lib/firefox/browser/features/loop@mozilla.org.xpi
1466673213782	addons.xpi	DEBUG	Calling bootstrap method startup on loop@mozilla.org version 1.4.0
1466673213795	addons.xpi	DEBUG	Registering manifest for /usr/lib/firefox/browser/features/e10srollout@mozilla.org.xpi
1466673213796	addons.xpi	DEBUG	Calling bootstrap method startup on e10srollout@mozilla.org version 1.0
1466673213797	addons.manager	DEBUG	Registering shutdown blocker for XPIProvider
1466673213798	addons.manager	DEBUG	Provider finished startup: XPIProvider
1466673213798	addons.manager	DEBUG	Starting provider: LightweightThemeManager
1466673213798	addons.manager	DEBUG	Registering shutdown blocker for LightweightThemeManager
1466673213798	addons.manager	DEBUG	Provider finished startup: LightweightThemeManager
1466673213798	addons.manager	DEBUG	Starting provider: GMPProvider
1466673213803	addons.manager	DEBUG	Registering shutdown blocker for GMPProvider
1466673213803	addons.manager	DEBUG	Provider finished startup: GMPProvider
1466673213803	addons.manager	DEBUG	Starting provider: PluginProvider
1466673213803	addons.manager	DEBUG	Registering shutdown blocker for PluginProvider
1466673213804	addons.manager	DEBUG	Provider finished startup: PluginProvider
1466673213804	addons.manager	DEBUG	Completed startup sequence
1466673215861	addons.manager	DEBUG	Starting provider: &lt;unnamed-provider&gt;
1466673215861	addons.manager	DEBUG	Registering shutdown blocker for &lt;unnamed-provider&gt;
1466673215862	addons.manager	DEBUG	Provider finished startup: &lt;unnamed-provider&gt;
1466673215964	DeferredSave.extensions.json	DEBUG	Write succeeded
1466673215964	addons.xpi-utils	DEBUG	XPI Database saved, setting schema version preference to 17
1466673215964	DeferredSave.extensions.json	DEBUG	Starting timer
1466673215973	addons.repository	DEBUG	No addons.json found.
1466673215973	DeferredSave.addons.json	DEBUG	Save changes
1466673215975	DeferredSave.addons.json	DEBUG	Starting timer
1466673215996	addons.manager	DEBUG	Starting provider: PreviousExperimentProvider
1466673215996	addons.manager	DEBUG	Registering shutdown blocker for PreviousExperimentProvider
1466673215997	addons.manager	DEBUG	Provider finished startup: PreviousExperimentProvider
1466673216004	DeferredSave.extensions.json	DEBUG	Starting write
1466673216018	DeferredSave.extensions.json	DEBUG	Write succeeded
1466673216029	DeferredSave.addons.json	DEBUG	Starting write
1466673216040	DeferredSave.addons.json	DEBUG	Write succeeded
1466673242716	addons.xpi	DEBUG	Calling bootstrap method shutdown on firefox@getpocket.com version 1.0.3b1
1466673242716	addons.xpi	DEBUG	Calling bootstrap method shutdown on loop@mozilla.org version 1.4.0
1466673242718	addons.xpi	DEBUG	Calling bootstrap method shutdown on e10srollout@mozilla.org version 1.0
1466673242945	addons.manager	DEBUG	shutdown
1466673242946	addons.manager	DEBUG	Calling shutdown blocker for XPIProvider
1466673242946	addons.xpi	DEBUG	shutdown
1466673242946	addons.xpi-utils	DEBUG	shutdown
1466673242948	addons.manager	DEBUG	Calling shutdown blocker for LightweightThemeManager
1466673242949	addons.manager	DEBUG	Calling shutdown blocker for GMPProvider
1466673242955	addons.manager	DEBUG	Calling shutdown blocker for PluginProvider
1466673242956	addons.manager	DEBUG	Calling shutdown blocker for &lt;unnamed-provider&gt;
1466673242959	addons.manager	DEBUG	Calling shutdown blocker for PreviousExperimentProvider
1466673242963	addons.xpi	DEBUG	Notifying XPI shutdown observers
1466673242968	addons.manager	DEBUG	Async provider shutdown done

	at org.openqa.selenium.firefox.internal.NewProfileExtensionConnection.start(NewProfileExtensionConnection.java:112)
	... 31 more
</div></td></tr></table><p class="totop"><a href="#summary">back to summary</a></p><h3 id="m1">com.tatoc.javascript.NewTest#changeBoxcolor</h3><table class="result"><tr><th>Exception</th></tr><tr><td><div class="stacktrace">java.lang.Throwable: Method NewTest.changeBoxcolor()[pri:0, instance:com.tatoc.javascript.NewTest@6ea12c19] depends on not successfully finished methods
	at org.testng.internal.Invoker.invokeTestMethods(Invoker.java:1033)
	at org.testng.internal.TestMethodWorker.invokeTestMethods(TestMethodWorker.java:125)
	at org.testng.internal.TestMethodWorker.run(TestMethodWorker.java:108)
	at org.testng.TestRunner.privateRun(TestRunner.java:774)
	at org.testng.TestRunner.run(TestRunner.java:624)
	at org.testng.SuiteRunner.runTest(SuiteRunner.java:359)
	at org.testng.SuiteRunner.runSequentially(SuiteRunner.java:354)
	at org.testng.SuiteRunner.privateRun(SuiteRunner.java:312)
	at org.testng.SuiteRunner.run(SuiteRunner.java:261)
	at org.testng.SuiteRunnerWorker.runSuite(SuiteRunnerWorker.java:52)
	at org.testng.SuiteRunnerWorker.run(SuiteRunnerWorker.java:86)
	at org.testng.TestNG.runSuitesSequentially(TestNG.java:1215)
	at org.testng.TestNG.runSuitesLocally(TestNG.java:1140)
	at org.testng.TestNG.run(TestNG.java:1048)
	at org.testng.remote.AbstractRemoteTestNG.run(AbstractRemoteTestNG.java:126)
	at org.testng.remote.RemoteTestNG.initAndRun(RemoteTestNG.java:137)
	at org.testng.remote.RemoteTestNG.main(RemoteTestNG.java:58)
</div></td></tr></table><p class="totop"><a href="#summary">back to summary</a></p><h3 id="m2">com.tatoc.javascript.NewTest#clickBasicCourse</h3><table class="result"><tr><th>Exception</th></tr><tr><td><div class="stacktrace">java.lang.Throwable: Method NewTest.clickBasicCourse()[pri:0, instance:com.tatoc.javascript.NewTest@6ea12c19] depends on not successfully finished methods
	at org.testng.internal.Invoker.invokeTestMethods(Invoker.java:1033)
	at org.testng.internal.TestMethodWorker.invokeTestMethods(TestMethodWorker.java:125)
	at org.testng.internal.TestMethodWorker.run(TestMethodWorker.java:108)
	at org.testng.TestRunner.privateRun(TestRunner.java:774)
	at org.testng.TestRunner.run(TestRunner.java:624)
	at org.testng.SuiteRunner.runTest(SuiteRunner.java:359)
	at org.testng.SuiteRunner.runSequentially(SuiteRunner.java:354)
	at org.testng.SuiteRunner.privateRun(SuiteRunner.java:312)
	at org.testng.SuiteRunner.run(SuiteRunner.java:261)
	at org.testng.SuiteRunnerWorker.runSuite(SuiteRunnerWorker.java:52)
	at org.testng.SuiteRunnerWorker.run(SuiteRunnerWorker.java:86)
	at org.testng.TestNG.runSuitesSequentially(TestNG.java:1215)
	at org.testng.TestNG.runSuitesLocally(TestNG.java:1140)
	at org.testng.TestNG.run(TestNG.java:1048)
	at org.testng.remote.AbstractRemoteTestNG.run(AbstractRemoteTestNG.java:126)
	at org.testng.remote.RemoteTestNG.initAndRun(RemoteTestNG.java:137)
	at org.testng.remote.RemoteTestNG.main(RemoteTestNG.java:58)
</div></td></tr></table><p class="totop"><a href="#summary">back to summary</a></p><h3 id="m3">com.tatoc.javascript.NewTest#clickGreenbox</h3><table class="result"><tr><th>Exception</th></tr><tr><td><div class="stacktrace">java.lang.Throwable: Method NewTest.clickGreenbox()[pri:0, instance:com.tatoc.javascript.NewTest@6ea12c19] depends on not successfully finished methods
	at org.testng.internal.Invoker.invokeTestMethods(Invoker.java:1033)
	at org.testng.internal.TestMethodWorker.invokeTestMethods(TestMethodWorker.java:125)
	at org.testng.internal.TestMethodWorker.run(TestMethodWorker.java:108)
	at org.testng.TestRunner.privateRun(TestRunner.java:774)
	at org.testng.TestRunner.run(TestRunner.java:624)
	at org.testng.SuiteRunner.runTest(SuiteRunner.java:359)
	at org.testng.SuiteRunner.runSequentially(SuiteRunner.java:354)
	at org.testng.SuiteRunner.privateRun(SuiteRunner.java:312)
	at org.testng.SuiteRunner.run(SuiteRunner.java:261)
	at org.testng.SuiteRunnerWorker.runSuite(SuiteRunnerWorker.java:52)
	at org.testng.SuiteRunnerWorker.run(SuiteRunnerWorker.java:86)
	at org.testng.TestNG.runSuitesSequentially(TestNG.java:1215)
	at org.testng.TestNG.runSuitesLocally(TestNG.java:1140)
	at org.testng.TestNG.run(TestNG.java:1048)
	at org.testng.remote.AbstractRemoteTestNG.run(AbstractRemoteTestNG.java:126)
	at org.testng.remote.RemoteTestNG.initAndRun(RemoteTestNG.java:137)
	at org.testng.remote.RemoteTestNG.main(RemoteTestNG.java:58)
</div></td></tr></table><p class="totop"><a href="#summary">back to summary</a></p><h3 id="m4">com.tatoc.javascript.NewTest#click_Tatoc_Link</h3><table class="result"></table><p class="totop"><a href="#summary">back to summary</a></p><h3 id="m5">com.tatoc.javascript.NewTest#cookieGeneration</h3><table class="result"><tr><th>Exception</th></tr><tr><td><div class="stacktrace">java.lang.Throwable: Method NewTest.cookieGeneration()[pri:0, instance:com.tatoc.javascript.NewTest@6ea12c19] depends on not successfully finished methods
	at org.testng.internal.Invoker.invokeTestMethods(Invoker.java:1033)
	at org.testng.internal.TestMethodWorker.invokeTestMethods(TestMethodWorker.java:125)
	at org.testng.internal.TestMethodWorker.run(TestMethodWorker.java:108)
	at org.testng.TestRunner.privateRun(TestRunner.java:774)
	at org.testng.TestRunner.run(TestRunner.java:624)
	at org.testng.SuiteRunner.runTest(SuiteRunner.java:359)
	at org.testng.SuiteRunner.runSequentially(SuiteRunner.java:354)
	at org.testng.SuiteRunner.privateRun(SuiteRunner.java:312)
	at org.testng.SuiteRunner.run(SuiteRunner.java:261)
	at org.testng.SuiteRunnerWorker.runSuite(SuiteRunnerWorker.java:52)
	at org.testng.SuiteRunnerWorker.run(SuiteRunnerWorker.java:86)
	at org.testng.TestNG.runSuitesSequentially(TestNG.java:1215)
	at org.testng.TestNG.runSuitesLocally(TestNG.java:1140)
	at org.testng.TestNG.run(TestNG.java:1048)
	at org.testng.remote.AbstractRemoteTestNG.run(AbstractRemoteTestNG.java:126)
	at org.testng.remote.RemoteTestNG.initAndRun(RemoteTestNG.java:137)
	at org.testng.remote.RemoteTestNG.main(RemoteTestNG.java:58)
</div></td></tr></table><p class="totop"><a href="#summary">back to summary</a></p><h3 id="m6">com.tatoc.javascript.NewTest#dragandDrop</h3><table class="result"><tr><th>Exception</th></tr><tr><td><div class="stacktrace">java.lang.Throwable: Method NewTest.dragandDrop()[pri:0, instance:com.tatoc.javascript.NewTest@6ea12c19] depends on not successfully finished methods
	at org.testng.internal.Invoker.invokeTestMethods(Invoker.java:1033)
	at org.testng.internal.TestMethodWorker.invokeTestMethods(TestMethodWorker.java:125)
	at org.testng.internal.TestMethodWorker.run(TestMethodWorker.java:108)
	at org.testng.TestRunner.privateRun(TestRunner.java:774)
	at org.testng.TestRunner.run(TestRunner.java:624)
	at org.testng.SuiteRunner.runTest(SuiteRunner.java:359)
	at org.testng.SuiteRunner.runSequentially(SuiteRunner.java:354)
	at org.testng.SuiteRunner.privateRun(SuiteRunner.java:312)
	at org.testng.SuiteRunner.run(SuiteRunner.java:261)
	at org.testng.SuiteRunnerWorker.runSuite(SuiteRunnerWorker.java:52)
	at org.testng.SuiteRunnerWorker.run(SuiteRunnerWorker.java:86)
	at org.testng.TestNG.runSuitesSequentially(TestNG.java:1215)
	at org.testng.TestNG.runSuitesLocally(TestNG.java:1140)
	at org.testng.TestNG.run(TestNG.java:1048)
	at org.testng.remote.AbstractRemoteTestNG.run(AbstractRemoteTestNG.java:126)
	at org.testng.remote.RemoteTestNG.initAndRun(RemoteTestNG.java:137)
	at org.testng.remote.RemoteTestNG.main(RemoteTestNG.java:58)
</div></td></tr></table><p class="totop"><a href="#summary">back to summary</a></p><h3 id="m7">com.tatoc.javascript.NewTest#launchPopupwindow</h3><table class="result"><tr><th>Exception</th></tr><tr><td><div class="stacktrace">java.lang.Throwable: Method NewTest.launchPopupwindow()[pri:0, instance:com.tatoc.javascript.NewTest@6ea12c19] depends on not successfully finished methods
	at org.testng.internal.Invoker.invokeTestMethods(Invoker.java:1033)
	at org.testng.internal.TestMethodWorker.invokeTestMethods(TestMethodWorker.java:125)
	at org.testng.internal.TestMethodWorker.run(TestMethodWorker.java:108)
	at org.testng.TestRunner.privateRun(TestRunner.java:774)
	at org.testng.TestRunner.run(TestRunner.java:624)
	at org.testng.SuiteRunner.runTest(SuiteRunner.java:359)
	at org.testng.SuiteRunner.runSequentially(SuiteRunner.java:354)
	at org.testng.SuiteRunner.privateRun(SuiteRunner.java:312)
	at org.testng.SuiteRunner.run(SuiteRunner.java:261)
	at org.testng.SuiteRunnerWorker.runSuite(SuiteRunnerWorker.java:52)
	at org.testng.SuiteRunnerWorker.run(SuiteRunnerWorker.java:86)
	at org.testng.TestNG.runSuitesSequentially(TestNG.java:1215)
	at org.testng.TestNG.runSuitesLocally(TestNG.java:1140)
	at org.testng.TestNG.run(TestNG.java:1048)
	at org.testng.remote.AbstractRemoteTestNG.run(AbstractRemoteTestNG.java:126)
	at org.testng.remote.RemoteTestNG.initAndRun(RemoteTestNG.java:137)
	at org.testng.remote.RemoteTestNG.main(RemoteTestNG.java:58)
</div></td></tr></table><p class="totop"><a href="#summary">back to summary</a></p><h3 id="m8">com.tatoc.javascript.NewTest#testHomePageTitle</h3><table class="result"></table><p class="totop"><a href="#summary">back to summary</a></p></body></html>